
Showing logs for build [32mcb-kubecd-environment-pr-206-5-72cjt-1[0m stage [32mfrom-build-pack[0m and container [32mstep-credential-initializer-r64wz[0m
{"level":"info","ts":1587480339.2661755,"logger":"fallback-logger","caller":"logging/config.go:69","msg":"Fetch GitHub commit ID from kodata failed: open /var/run/ko/refs/heads/0.8.0-ns-support: no such file or directory"}
{"level":"info","ts":1587480339.2771204,"logger":"fallback-logger","caller":"creds-init/main.go:40","msg":"Credentials initialized."}

Showing logs for build [32mcb-kubecd-environment-pr-206-5-72cjt-1[0m stage [32mfrom-build-pack[0m and container [32mstep-working-dir-initializer-dsj6w[0m
{"level":"info","ts":1587480340.7000263,"logger":"fallback-logger","caller":"logging/config.go:69","msg":"Fetch GitHub commit ID from kodata failed: open /var/run/ko/HEAD: no such file or directory"}
{"level":"info","ts":1587480340.701988,"logger":"fallback-logger","caller":"bash/main.go:64","msg":"Successfully executed command \"sh -c mkdir -p /workspace/source\"; output "}

Showing logs for build [32mcb-kubecd-environment-pr-206-5-72cjt-1[0m stage [32mfrom-build-pack[0m and container [32mstep-place-tools[0m

Showing logs for build [32mcb-kubecd-environment-pr-206-5-72cjt-1[0m stage [32mfrom-build-pack[0m and container [32mstep-git-source-cb-kubecd-environment-pr-206-5-72cjt-8kjnv[0m
{"level":"info","ts":1587480343.7319067,"logger":"fallback-logger","caller":"logging/config.go:69","msg":"Fetch GitHub commit ID from kodata failed: open /var/run/ko/refs/heads/0.8.0-ns-support: no such file or directory"}
{"level":"info","ts":1587480344.7755172,"logger":"fallback-logger","caller":"git/git.go:103","msg":"Successfully cloned https://github.com/cb-kubecd/environment-pr-206-5-boot-gke-production.git @ master in path /workspace/source"}

Showing logs for build [32mcb-kubecd-environment-pr-206-5-72cjt-1[0m stage [32mfrom-build-pack[0m and container [32mstep-git-merge[0m
Using SHAs from PULL_REFS=master:0a116e5b74e4760d0dc7f7b49caf6ced666b543f,1:cae309e229a48c1fe74a7e3620297df67193fc50
DEBUG: LC_ALL=C JX_LOG_LEVEL=error git fetch origin --unshallow cae309e229a48c1fe74a7e3620297df67193fc50: 0a116e5b74e4760d0dc7f7b49caf6ced666b543f:
DEBUG: ran git fetch --unshallow origin cae309e229a48c1fe74a7e3620297df67193fc50: 0a116e5b74e4760d0dc7f7b49caf6ced666b543f: in 
DEBUG: JX_LOG_LEVEL=error LC_ALL=C git branch
DEBUG: LC_ALL=C JX_LOG_LEVEL=error git checkout master
DEBUG: ran git checkout master in 
DEBUG: LC_ALL=C JX_LOG_LEVEL=error git reset --hard 0a116e5b74e4760d0dc7f7b49caf6ced666b543f
DEBUG: ran git reset --hard 0a116e5b74e4760d0dc7f7b49caf6ced666b543f in 
DEBUG: LC_ALL=C JX_LOG_LEVEL=error git clean -fd .
DEBUG: ran clean --force -d . in 
DEBUG: LC_ALL=C JX_LOG_LEVEL=error git merge cae309e229a48c1fe74a7e3620297df67193fc50
DEBUG: ran git merge cae309e229a48c1fe74a7e3620297df67193fc50 in 
DEBUG: LC_ALL=C JX_LOG_LEVEL=error git log --format=%H%x1f%an%x1f%ae%x1f%cn%x1f%ce%x1f%s%n%b%x1e 0a116e5b74e4760d0dc7f7b49caf6ced666b543f..HEAD
Merged SHA cae309e229a48c1fe74a7e3620297df67193fc50 with commit message 'chore: Promote bdd-spring-1587479430 to version 0.0.1' into base branch master

Showing logs for build [32mcb-kubecd-environment-pr-206-5-72cjt-1[0m stage [32mfrom-build-pack[0m and container [32mstep-build-helm-build[0m
WARNING: No $CHART_REPOSITORY defined so using the default value of: http://jenkins-x-chartmuseum:8080
Adding missing Helm repo: storage.googleapis.com https://storage.googleapis.com/chartmuseum.jenkins-x.io
WARNING: No secrets found on "helm/repos" due: reading the secret "helm/repos" from vault: no secret "helm/repos" not found in vault
Read credentials for https://storage.googleapis.com/chartmuseum.jenkins-x.io from vault helm/repos
Successfully added Helm repository storage.googleapis.com.
Adding missing Helm repo: jenkins-x-chartmuseum http://jenkins-x-chartmuseum:8080
WARNING: No secrets found on "helm/repos" due: reading the secret "helm/repos" from vault: no secret "helm/repos" not found in vault
Read credentials for http://jenkins-x-chartmuseum:8080 from vault helm/repos
Successfully added Helm repository jenkins-x-chartmuseum.
WARNING: No $CHART_REPOSITORY defined so using the default value of: http://jenkins-x-chartmuseum:8080
Adding missing Helm repo: chartmuseum.jenkins-x.io http://chartmuseum.jenkins-x.io
WARNING: No secrets found on "helm/repos" due: reading the secret "helm/repos" from vault: no secret "helm/repos" not found in vault
Read credentials for http://chartmuseum.jenkins-x.io from vault helm/repos
Successfully added Helm repository chartmuseum.jenkins-x.io.
